{
  "cve_id": "CVE-2019-5892",
  "cwe_ids": [
    "CWE-436"
  ],
  "cvss_vector": "AV:N/AC:L/Au:S/C:N/I:N/A:P",
  "cvss_is_v3": false,
  "repo_name": "FRRouting/frr",
  "commit_msg": "bgpd: don't use BGP_ATTR_VNC(255) unless ENABLE_BGP_VNC_ATTR is defined\n\nSigned-off-by: Lou Berger <lberger@labn.net>",
  "commit_hash": "943d595a018e69b550db08cccba1d0778a86705a",
  "git_url": "https://github.com/FRRouting/frr/commit/943d595a018e69b550db08cccba1d0778a86705a",
  "file_path": "bgpd/bgp_attr.c",
  "func_name": "bgp_packet_mpattr_tea",
  "func_before": "static void bgp_packet_mpattr_tea(struct bgp *bgp, struct peer *peer,\n\t\t\t\t  struct stream *s, struct attr *attr,\n\t\t\t\t  uint8_t attrtype)\n{\n\tunsigned int attrlenfield = 0;\n\tunsigned int attrhdrlen = 0;\n\tstruct bgp_attr_encap_subtlv *subtlvs;\n\tstruct bgp_attr_encap_subtlv *st;\n\tconst char *attrname;\n\n\tif (!attr || (attrtype == BGP_ATTR_ENCAP\n\t\t      && (!attr->encap_tunneltype\n\t\t\t  || attr->encap_tunneltype == BGP_ENCAP_TYPE_MPLS)))\n\t\treturn;\n\n\tswitch (attrtype) {\n\tcase BGP_ATTR_ENCAP:\n\t\tattrname = \"Tunnel Encap\";\n\t\tsubtlvs = attr->encap_subtlvs;\n\t\tif (subtlvs == NULL) /* nothing to do */\n\t\t\treturn;\n\t\t/*\n\t\t * The tunnel encap attr has an \"outer\" tlv.\n\t\t * T = tunneltype,\n\t\t * L = total length of subtlvs,\n\t\t * V = concatenated subtlvs.\n\t\t */\n\t\tattrlenfield = 2 + 2; /* T + L */\n\t\tattrhdrlen = 1 + 1;   /* subTLV T + L */\n\t\tbreak;\n\n#if ENABLE_BGP_VNC\n\tcase BGP_ATTR_VNC:\n\t\tattrname = \"VNC\";\n\t\tsubtlvs = attr->vnc_subtlvs;\n\t\tif (subtlvs == NULL) /* nothing to do */\n\t\t\treturn;\n\t\tattrlenfield = 0;   /* no outer T + L */\n\t\tattrhdrlen = 2 + 2; /* subTLV T + L */\n\t\tbreak;\n#endif\n\n\tdefault:\n\t\tassert(0);\n\t}\n\n\t/* compute attr length */\n\tfor (st = subtlvs; st; st = st->next) {\n\t\tattrlenfield += (attrhdrlen + st->length);\n\t}\n\n\tif (attrlenfield > 0xffff) {\n\t\tzlog_info(\"%s attribute is too long (length=%d), can't send it\",\n\t\t\t  attrname, attrlenfield);\n\t\treturn;\n\t}\n\n\tif (attrlenfield > 0xff) {\n\t\t/* 2-octet length field */\n\t\tstream_putc(s,\n\t\t\t    BGP_ATTR_FLAG_TRANS | BGP_ATTR_FLAG_OPTIONAL\n\t\t\t\t    | BGP_ATTR_FLAG_EXTLEN);\n\t\tstream_putc(s, attrtype);\n\t\tstream_putw(s, attrlenfield & 0xffff);\n\t} else {\n\t\t/* 1-octet length field */\n\t\tstream_putc(s, BGP_ATTR_FLAG_TRANS | BGP_ATTR_FLAG_OPTIONAL);\n\t\tstream_putc(s, attrtype);\n\t\tstream_putc(s, attrlenfield & 0xff);\n\t}\n\n\tif (attrtype == BGP_ATTR_ENCAP) {\n\t\t/* write outer T+L */\n\t\tstream_putw(s, attr->encap_tunneltype);\n\t\tstream_putw(s, attrlenfield - 4);\n\t}\n\n\t/* write each sub-tlv */\n\tfor (st = subtlvs; st; st = st->next) {\n\t\tif (attrtype == BGP_ATTR_ENCAP) {\n\t\t\tstream_putc(s, st->type);\n\t\t\tstream_putc(s, st->length);\n#if ENABLE_BGP_VNC\n\t\t} else {\n\t\t\tstream_putw(s, st->type);\n\t\t\tstream_putw(s, st->length);\n#endif\n\t\t}\n\t\tstream_put(s, st->value, st->length);\n\t}\n}",
  "abstract_func_before": "static void bgp_packet_mpattr_tea(struct bgp *bgp, struct peer *peer,\n\t\t\t\t  struct stream *VAR_0, struct attr *attr,\n\t\t\t\t  uint8_t VAR_1)\n{\n\tunsigned int VAR_2 = 0;\n\tunsigned int VAR_3 = 0;\n\tstruct bgp_attr_encap_subtlv *VAR_4;\n\tstruct bgp_attr_encap_subtlv *VAR_5;\n\tconst char *VAR_6;\n\n\tif (!attr || (VAR_1 == VAR_7\n\t\t      && (!attr->encap_tunneltype\n\t\t\t  || attr->encap_tunneltype == VAR_8)))\n\t\treturn;\n\n\tswitch (VAR_1) {\n\tcase VAR_7:\n\t\tVAR_6 = \"Tunnel Encap\";\n\t\tVAR_4 = attr->encap_subtlvs;\n\t\tif (VAR_4 == NULL) /* COMMENT_0 */\n\t\t\treturn;\n\t\t/* COMMENT_1 */\n                                              \n                    \n                                 \n                              \n     \n\t\tVAR_2 = 2 + 2; /* COMMENT_7 */\n\t\tVAR_3 = 1 + 1;   /* COMMENT_8 */\n\t\tbreak;\n\n#if VAR_9\n\tcase VAR_10:\n\t\tVAR_6 = \"VNC\";\n\t\tVAR_4 = attr->vnc_subtlvs;\n\t\tif (VAR_4 == NULL) /* COMMENT_0 */\n\t\t\treturn;\n\t\tVAR_2 = 0;   /* COMMENT_9 */\n\t\tVAR_3 = 2 + 2; /* COMMENT_8 */\n\t\tbreak;\n#endif\n\n\tdefault:\n\t\tassert(0);\n\t}\n\n\t/* COMMENT_10 */\n\tfor (VAR_5 = VAR_4; VAR_5; VAR_5 = VAR_5->next) {\n\t\tVAR_2 += (VAR_3 + VAR_5->length);\n\t}\n\n\tif (VAR_2 > 0xffff) {\n\t\tzlog_info(\"%s attribute is too long (length=%d), can't send it\",\n\t\t\t  VAR_6, VAR_2);\n\t\treturn;\n\t}\n\n\tif (VAR_2 > 0xff) {\n\t\t/* COMMENT_11 */\n\t\tstream_putc(VAR_0,\n\t\t\t    VAR_11 | VAR_12\n\t\t\t\t    | VAR_13);\n\t\tstream_putc(VAR_0, VAR_1);\n\t\tstream_putw(VAR_0, VAR_2 & 0xffff);\n\t} else {\n\t\t/* COMMENT_12 */\n\t\tstream_putc(VAR_0, VAR_11 | VAR_12);\n\t\tstream_putc(VAR_0, VAR_1);\n\t\tstream_putc(VAR_0, VAR_2 & 0xff);\n\t}\n\n\tif (VAR_1 == VAR_7) {\n\t\t/* COMMENT_13 */\n\t\tstream_putw(VAR_0, attr->encap_tunneltype);\n\t\tstream_putw(VAR_0, VAR_2 - 4);\n\t}\n\n\t/* COMMENT_14 */\n\tfor (VAR_5 = VAR_4; VAR_5; VAR_5 = VAR_5->next) {\n\t\tif (VAR_1 == VAR_7) {\n\t\t\tstream_putc(VAR_0, VAR_5->type);\n\t\t\tstream_putc(VAR_0, VAR_5->length);\n#if VAR_9\n\t\t} else {\n\t\t\tstream_putw(VAR_0, VAR_5->type);\n\t\t\tstream_putw(VAR_0, VAR_5->length);\n#endif\n\t\t}\n\t\tstream_put(VAR_0, VAR_5->value, VAR_5->length);\n\t}\n}",
  "func_graph_path_before": "FRRouting/frr/943d595a018e69b550db08cccba1d0778a86705a/bgp_attr.c/vul/before/2.json",
  "func": "static void bgp_packet_mpattr_tea(struct bgp *bgp, struct peer *peer,\n\t\t\t\t  struct stream *s, struct attr *attr,\n\t\t\t\t  uint8_t attrtype)\n{\n\tunsigned int attrlenfield = 0;\n\tunsigned int attrhdrlen = 0;\n\tstruct bgp_attr_encap_subtlv *subtlvs;\n\tstruct bgp_attr_encap_subtlv *st;\n\tconst char *attrname;\n\n\tif (!attr || (attrtype == BGP_ATTR_ENCAP\n\t\t      && (!attr->encap_tunneltype\n\t\t\t  || attr->encap_tunneltype == BGP_ENCAP_TYPE_MPLS)))\n\t\treturn;\n\n\tswitch (attrtype) {\n\tcase BGP_ATTR_ENCAP:\n\t\tattrname = \"Tunnel Encap\";\n\t\tsubtlvs = attr->encap_subtlvs;\n\t\tif (subtlvs == NULL) /* nothing to do */\n\t\t\treturn;\n\t\t/*\n\t\t * The tunnel encap attr has an \"outer\" tlv.\n\t\t * T = tunneltype,\n\t\t * L = total length of subtlvs,\n\t\t * V = concatenated subtlvs.\n\t\t */\n\t\tattrlenfield = 2 + 2; /* T + L */\n\t\tattrhdrlen = 1 + 1;   /* subTLV T + L */\n\t\tbreak;\n\n#if ENABLE_BGP_VNC_ATTR\n\tcase BGP_ATTR_VNC:\n\t\tattrname = \"VNC\";\n\t\tsubtlvs = attr->vnc_subtlvs;\n\t\tif (subtlvs == NULL) /* nothing to do */\n\t\t\treturn;\n\t\tattrlenfield = 0;   /* no outer T + L */\n\t\tattrhdrlen = 2 + 2; /* subTLV T + L */\n\t\tbreak;\n#endif\n\n\tdefault:\n\t\tassert(0);\n\t}\n\n\t/* compute attr length */\n\tfor (st = subtlvs; st; st = st->next) {\n\t\tattrlenfield += (attrhdrlen + st->length);\n\t}\n\n\tif (attrlenfield > 0xffff) {\n\t\tzlog_info(\"%s attribute is too long (length=%d), can't send it\",\n\t\t\t  attrname, attrlenfield);\n\t\treturn;\n\t}\n\n\tif (attrlenfield > 0xff) {\n\t\t/* 2-octet length field */\n\t\tstream_putc(s,\n\t\t\t    BGP_ATTR_FLAG_TRANS | BGP_ATTR_FLAG_OPTIONAL\n\t\t\t\t    | BGP_ATTR_FLAG_EXTLEN);\n\t\tstream_putc(s, attrtype);\n\t\tstream_putw(s, attrlenfield & 0xffff);\n\t} else {\n\t\t/* 1-octet length field */\n\t\tstream_putc(s, BGP_ATTR_FLAG_TRANS | BGP_ATTR_FLAG_OPTIONAL);\n\t\tstream_putc(s, attrtype);\n\t\tstream_putc(s, attrlenfield & 0xff);\n\t}\n\n\tif (attrtype == BGP_ATTR_ENCAP) {\n\t\t/* write outer T+L */\n\t\tstream_putw(s, attr->encap_tunneltype);\n\t\tstream_putw(s, attrlenfield - 4);\n\t}\n\n\t/* write each sub-tlv */\n\tfor (st = subtlvs; st; st = st->next) {\n\t\tif (attrtype == BGP_ATTR_ENCAP) {\n\t\t\tstream_putc(s, st->type);\n\t\t\tstream_putc(s, st->length);\n#if ENABLE_BGP_VNC\n\t\t} else {\n\t\t\tstream_putw(s, st->type);\n\t\t\tstream_putw(s, st->length);\n#endif\n\t\t}\n\t\tstream_put(s, st->value, st->length);\n\t}\n}",
  "abstract_func": "static void bgp_packet_mpattr_tea(struct bgp *bgp, struct peer *peer,\n\t\t\t\t  struct stream *VAR_0, struct attr *attr,\n\t\t\t\t  uint8_t VAR_1)\n{\n\tunsigned int VAR_2 = 0;\n\tunsigned int VAR_3 = 0;\n\tstruct bgp_attr_encap_subtlv *VAR_4;\n\tstruct bgp_attr_encap_subtlv *VAR_5;\n\tconst char *VAR_6;\n\n\tif (!attr || (VAR_1 == VAR_7\n\t\t      && (!attr->encap_tunneltype\n\t\t\t  || attr->encap_tunneltype == VAR_8)))\n\t\treturn;\n\n\tswitch (VAR_1) {\n\tcase VAR_7:\n\t\tVAR_6 = \"Tunnel Encap\";\n\t\tVAR_4 = attr->encap_subtlvs;\n\t\tif (VAR_4 == NULL) /* COMMENT_0 */\n\t\t\treturn;\n\t\t/* COMMENT_1 */\n                                              \n                    \n                                 \n                              \n     \n\t\tVAR_2 = 2 + 2; /* COMMENT_7 */\n\t\tVAR_3 = 1 + 1;   /* COMMENT_8 */\n\t\tbreak;\n\n#if VAR_9\n\tcase VAR_10:\n\t\tVAR_6 = \"VNC\";\n\t\tVAR_4 = attr->vnc_subtlvs;\n\t\tif (VAR_4 == NULL) /* COMMENT_0 */\n\t\t\treturn;\n\t\tVAR_2 = 0;   /* COMMENT_9 */\n\t\tVAR_3 = 2 + 2; /* COMMENT_8 */\n\t\tbreak;\n#endif\n\n\tdefault:\n\t\tassert(0);\n\t}\n\n\t/* COMMENT_10 */\n\tfor (VAR_5 = VAR_4; VAR_5; VAR_5 = VAR_5->next) {\n\t\tVAR_2 += (VAR_3 + VAR_5->length);\n\t}\n\n\tif (VAR_2 > 0xffff) {\n\t\tzlog_info(\"%s attribute is too long (length=%d), can't send it\",\n\t\t\t  VAR_6, VAR_2);\n\t\treturn;\n\t}\n\n\tif (VAR_2 > 0xff) {\n\t\t/* COMMENT_11 */\n\t\tstream_putc(VAR_0,\n\t\t\t    VAR_11 | VAR_12\n\t\t\t\t    | VAR_13);\n\t\tstream_putc(VAR_0, VAR_1);\n\t\tstream_putw(VAR_0, VAR_2 & 0xffff);\n\t} else {\n\t\t/* COMMENT_12 */\n\t\tstream_putc(VAR_0, VAR_11 | VAR_12);\n\t\tstream_putc(VAR_0, VAR_1);\n\t\tstream_putc(VAR_0, VAR_2 & 0xff);\n\t}\n\n\tif (VAR_1 == VAR_7) {\n\t\t/* COMMENT_13 */\n\t\tstream_putw(VAR_0, attr->encap_tunneltype);\n\t\tstream_putw(VAR_0, VAR_2 - 4);\n\t}\n\n\t/* COMMENT_14 */\n\tfor (VAR_5 = VAR_4; VAR_5; VAR_5 = VAR_5->next) {\n\t\tif (VAR_1 == VAR_7) {\n\t\t\tstream_putc(VAR_0, VAR_5->type);\n\t\t\tstream_putc(VAR_0, VAR_5->length);\n#if VAR_14\n\t\t} else {\n\t\t\tstream_putw(VAR_0, VAR_5->type);\n\t\t\tstream_putw(VAR_0, VAR_5->length);\n#endif\n\t\t}\n\t\tstream_put(VAR_0, VAR_5->value, VAR_5->length);\n\t}\n}",
  "func_graph_path": "FRRouting/frr/943d595a018e69b550db08cccba1d0778a86705a/bgp_attr.c/vul/after/2.json",
  "diff_func": "--- func_before\n+++ func_after\n@@ -29,7 +29,7 @@\n \t\tattrhdrlen = 1 + 1;   /* subTLV T + L */\n \t\tbreak;\n \n-#if ENABLE_BGP_VNC\n+#if ENABLE_BGP_VNC_ATTR\n \tcase BGP_ATTR_VNC:\n \t\tattrname = \"VNC\";\n \t\tsubtlvs = attr->vnc_subtlvs;",
  "diff_line_info": {
    "deleted_lines": [
      "#if ENABLE_BGP_VNC"
    ],
    "added_lines": [
      "#if ENABLE_BGP_VNC_ATTR"
    ]
  },
  "is_vul": true,
  "pr_url": "https://github.com/FRRouting/frr/pull/3575",
  "description": {
    "pr_info": {
      "title": "bgpd: don't use BGP_ATTR_VNC(255) unless ENABLE_BGP_VNC_ATTR is defined",
      "number": 3575
    },
    "comment": [
      "\r\n### Summary\r\nAdd ENABLE_BGP_VNC_ATTR check to use of BGP_ATTR_VNC(255) , off by default.\r\n\r\n### Components\r\nbgpd",
      "Once this finishes CI I will push in.",
      "Please put these on all branches 3.0+",
      "# Continuous Integration Result: FAILED\n\nSee below for issues.\nCI System Testrun URL: https://ci1.netdef.org/browse/FRR-FRRPULLREQ-6327/\n\nThis is a comment from an EXPERIMENTAL automated CI system.\nFor questions and feedback in regards to this CI system, please feel free to email\nMartin Winter - mwinter (at) opensourcerouting.org.\n\n\n## Get source and apply patch from patchwork: Successful\n\n## Building Stage: Successful\n\n## Basic Tests: Failed\n__CentOS 7 rpm pkg check: Successful__\n__Ubuntu 12.04 deb pkg check: Successful__\n__IPv6 protocols on Ubuntu 14.04: Successful__\n__Ubuntu 16.04 deb pkg check: Successful__\n__CentOS 6 rpm pkg check: Successful__\n__Ubuntu 14.04 deb pkg check: Successful__\n__IPv4 ldp protocol on Ubuntu 16.04: Successful__\n__Addresssanitizer topotest: Successful__\n__Debian 8 deb pkg check: Successful__\n__Fedora 24 rpm pkg check: Successful__\n__IPv4 protocols on Ubuntu 14.04: Successful__\n__Debian 9 deb pkg check: Successful__\n__Static analyzer (clang): Successful__\n\n\n#### Topology tests on Ubuntu 18.04 amd64: Failed\nTopology Test Results are at https://ci1.netdef.org/browse/FRR-FRRPULLREQ-TOPOU1804-6327/test\n\n__Topology Tests failed for Topology tests on Ubuntu 18.04 amd64__:\n\n    *** defaultIntf: warning: r1 has no interfaces\n    2019-01-07 17:38:08,169 ERROR: ******************************************************************************\n    2019-01-07 17:38:08,170 ERROR: Test Target Summary                                                  Pass Fail\n    2019-01-07 17:38:08,170 ERROR: ******************************************************************************\n    2019-01-07 17:38:08,170 ERROR: FILE: scripts/add_routes.py\n    2019-01-07 17:38:08,170 ERROR: FILE: scripts/adjacencies.py\n    2019-01-07 17:38:08,170 ERROR: FILE: scripts/check_routes.py\n    2019-01-07 17:38:08,170 ERROR: FILE: scripts/check_close.py\n    2019-01-07 17:38:08,170 ERROR: 46   r3     Out of holddown +10.29 secs                              0    1\n    2019-01-07 17:38:08,170 ERROR: 47   r4     Out of holddown +10.51 secs                              0    1\n    2019-01-07 17:38:08,170 ERROR: See /tmp/topotests/bgp_rfapi_basic_sanity.test_bgp_rfapi_basic_sanity/output.log for details of errors\n    2019-01-07 17:38:08,179 ERROR: assert failed at \"bgp_rfapi_basic_sanity.test_bgp_rfapi_basic_sanity/test_check_close\": 2 tests failed\n    2019-01-07 17:39:55,239 ERROR: ******************************************************************************\n    2019-01-07 17:39:55,239 ERROR: Test Target Summary                                                  Pass Fail\n    2019-01-07 17:39:55,239 ERROR: ******************************************************************************\n    2019-01-07 17:39:55,239 ERROR: FILE: scripts/add_routes.py\n    2019-01-07 17:39:55,239 ERROR: FILE: scripts/adjacencies.py\n    2019-01-07 17:39:55,240 ERROR: FILE: scripts/check_routes.py\n    2019-01-07 17:39:55,240 ERROR: FILE: scripts/check_close.py\n    2019-01-07 17:39:55,240 ERROR: 46   r3     Out of holddown +10.26 secs                              0    1\n    2019-01-07 17:39:55,240 ERROR: 47   r4     Out of holddown +10.66 secs                              0    1\n    2019-01-07 17:39:55,240 ERROR: See /tmp/topotests/bgp_rfapi_basic_sanity_config2.test_bgp_rfapi_basic_sanity_config2/output.log for details of errors\n    2019-01-07 17:39:55,242 ERROR: assert failed at \"bgp_rfapi_basic_sanity_config2.test_bgp_rfapi_basic_sanity_config2/test_check_close\": 2 tests failed\n    *** defaultIntf: warning: lm has no interfaces\n\n   see full log at https://ci1.netdef.org/browse/FRR-FRRPULLREQ-6327/artifact/TOPOU1804/ErrorLog/log_topotests.txt\n\n#### Topology tests on Ubuntu 16.04 amd64: Failed\nTopology Test Results are at https://ci1.netdef.org/browse/FRR-FRRPULLREQ-TOPOU1604-6327/test\n\n__Topology Tests failed for Topology tests on Ubuntu 16.04 amd64__:\n\n    *** defaultIntf: warning: r1 has no interfaces\n    2019-01-07 09:37:37,780 ERROR: ******************************************************************************\n    2019-01-07 09:37:37,780 ERROR: Test Target Summary                                                  Pass Fail\n    2019-01-07 09:37:37,780 ERROR: ******************************************************************************\n    2019-01-07 09:37:37,780 ERROR: FILE: scripts/add_routes.py\n    2019-01-07 09:37:37,781 ERROR: FILE: scripts/adjacencies.py\n    2019-01-07 09:37:37,781 ERROR: FILE: scripts/check_routes.py\n    2019-01-07 09:37:37,781 ERROR: FILE: scripts/check_close.py\n    2019-01-07 09:37:37,781 ERROR: 46   r3     Out of holddown +10.22 secs                              0    1\n    2019-01-07 09:37:37,781 ERROR: 47   r4     Out of holddown +10.58 secs                              0    1\n    2019-01-07 09:37:37,781 ERROR: See /tmp/topotests/bgp_rfapi_basic_sanity.test_bgp_rfapi_basic_sanity/output.log for details of errors\n    2019-01-07 09:37:38,232 ERROR: assert failed at \"bgp_rfapi_basic_sanity.test_bgp_rfapi_basic_sanity/test_check_close\": 2 tests failed\n    2019-01-07 09:39:24,009 ERROR: ******************************************************************************\n    2019-01-07 09:39:24,009 ERROR: Test Target Summary                                                  Pass Fail\n    2019-01-07 09:39:24,009 ERROR: ******************************************************************************\n    2019-01-07 09:39:24,009 ERROR: FILE: scripts/add_routes.py\n    2019-01-07 09:39:24,009 ERROR: FILE: scripts/adjacencies.py\n    2019-01-07 09:39:24,009 ERROR: FILE: scripts/check_routes.py\n    2019-01-07 09:39:24,009 ERROR: FILE: scripts/check_close.py\n    2019-01-07 09:39:24,009 ERROR: 46   r3     Out of holddown +10.15 secs                              0    1\n    2019-01-07 09:39:24,010 ERROR: 47   r4     Out of holddown +10.22 secs                              0    1\n    2019-01-07 09:39:24,010 ERROR: See /tmp/topotests/bgp_rfapi_basic_sanity_config2.test_bgp_rfapi_basic_sanity_config2/output.log for details of errors\n    2019-01-07 09:39:24,011 ERROR: assert failed at \"bgp_rfapi_basic_sanity_config2.test_bgp_rfapi_basic_sanity_config2/test_check_close\": 2 tests failed\n    *** defaultIntf: warning: lm has no interfaces\n    2019-01-07 09:47:34,399 ERROR: 'compare_show_ipv6_ospf6' failed after 78.32 seconds\n    2019-01-07 09:47:37,541 ERROR: 'compare_show_ipv6_ospf6' failed after 3.14 seconds\n    2019-01-07 09:47:40,674 ERROR: 'compare_show_ipv6_ospf6' failed after 3.13 seconds\n    2019-01-07 09:47:40,676 ERROR: assert failed at \"test_ospf_topo1/test_ospf6_convergence\": OSPF6 did not converge on r1:\n      --- Current output\n      +++ Expected output\n      @@ -11,4 +11,3 @@\n        N E1 2001:db8:200::/64 fe80::xxxx:xxxx:xxxx:xxxx r1-eth1\n       *N IE 2001:db8:300::/64 fe80::xxxx:xxxx:xxxx:xxxx r1-eth1\n        N E1 2001:db8:300::/64 fe80::xxxx:xxxx:xxxx:xxxx r1-eth1\n      -*N E1 fe80::xxxx:xxxx:xxxx:xxxx fe80::xxxx:xxxx:xxxx:xxxx r1-eth1\n    assert False\n    2019-01-07 09:49:43,768 ERROR: 'compare_show_ipv6_ospf6' failed after 78.33 seconds\n    2019-01-07 09:49:43,770 ERROR: assert failed at \"test_ospf_topo1/test_ospf6_link_down\": OSPF6 did not converge on r3:\n      --- Current output\n      +++ Expected output\n      @@ -3,4 +3,3 @@\n        N E1 2001:db8:200::/64 fe80::xxxx:xxxx:xxxx:xxxx r3-eth2\n       *N IA 2001:db8:300::/64 fe80::xxxx:xxxx:xxxx:xxxx r3-eth2\n        N E1 2001:db8:300::/64 fe80::xxxx:xxxx:xxxx:xxxx r3-eth2\n      -*N E1 fe80::xxxx:xxxx:xxxx:xxxx fe80::xxxx:xxxx:xxxx:xxxx r3-eth2\n    assert False\n\n   see full log at https://ci1.netdef.org/browse/FRR-FRRPULLREQ-6327/artifact/TOPOU1604/ErrorLog/log_topotests.txt\n\n#### Topotest tests on Ubuntu 16.04 i386: Failed\nTopology Test Results are at https://ci1.netdef.org/browse/FRR-FRRPULLREQ-TOPOI386-6327/test\n\n__Topology Tests failed for Topotest tests on Ubuntu 16.04 i386__:\n\n    *** defaultIntf: warning: r1 has no interfaces\n    2019-01-07 09:38:20,989 ERROR: ******************************************************************************\n    2019-01-07 09:38:20,989 ERROR: Test Target Summary                                                  Pass Fail\n    2019-01-07 09:38:20,990 ERROR: ******************************************************************************\n    2019-01-07 09:38:20,990 ERROR: FILE: scripts/add_routes.py\n    2019-01-07 09:38:20,990 ERROR: FILE: scripts/adjacencies.py\n    2019-01-07 09:38:20,990 ERROR: FILE: scripts/check_routes.py\n    2019-01-07 09:38:20,990 ERROR: FILE: scripts/check_close.py\n    2019-01-07 09:38:20,990 ERROR: 46   r3     Out of holddown +10.60 secs                              0    1\n    2019-01-07 09:38:20,990 ERROR: 47   r4     Out of holddown +10.26 secs                              0    1\n    2019-01-07 09:38:20,990 ERROR: See /tmp/topotests/bgp_rfapi_basic_sanity.test_bgp_rfapi_basic_sanity/output.log for details of errors\n    2019-01-07 09:38:20,993 ERROR: assert failed at \"bgp_rfapi_basic_sanity.test_bgp_rfapi_basic_sanity/test_check_close\": 2 tests failed\n    2019-01-07 09:40:06,472 ERROR: ******************************************************************************\n    2019-01-07 09:40:06,473 ERROR: Test Target Summary                                                  Pass Fail\n    2019-01-07 09:40:06,473 ERROR: ******************************************************************************\n    2019-01-07 09:40:06,473 ERROR: FILE: scripts/add_routes.py\n    2019-01-07 09:40:06,473 ERROR: FILE: scripts/adjacencies.py\n    2019-01-07 09:40:06,473 ERROR: FILE: scripts/check_routes.py\n    2019-01-07 09:40:06,474 ERROR: FILE: scripts/check_close.py\n    2019-01-07 09:40:06,474 ERROR: 46   r3     Out of holddown +10.21 secs                              0    1\n    2019-01-07 09:40:06,474 ERROR: 47   r4     Out of holddown +10.03 secs                              0    1\n    2019-01-07 09:40:06,474 ERROR: See /tmp/topotests/bgp_rfapi_basic_sanity_config2.test_bgp_rfapi_basic_sanity_config2/output.log for details of errors\n    2019-01-07 09:40:06,478 ERROR: assert failed at \"bgp_rfapi_basic_sanity_config2.test_bgp_rfapi_basic_sanity_config2/test_check_close\": 2 tests failed\n    RTNETLINK answers: Invalid argument\n    RTNETLINK answers: Invalid argument\n    RTNETLINK answers: Invalid argument\n    RTNETLINK answers: Invalid argument\n    RTNETLINK answers: Invalid argument\n    RTNETLINK answers: Invalid argument\n    *** defaultIntf: warning: lm has no interfaces\n    RTNETLINK answers: Invalid argument\n    RTNETLINK answers: Invalid argument\n    RTNETLINK answers: Invalid argument\n    RTNETLINK answers: Invalid argument\n\n   see full log at https://ci1.netdef.org/browse/FRR-FRRPULLREQ-6327/artifact/TOPOI386/ErrorLog/log_topotests.txt\n\n__Topology Tests memory analysis:__ https://ci1.netdef.org/browse/FRR-FRRPULLREQ-6327/artifact/TOPOU1804/MemoryLeaks/\n__Topology Tests memory analysis:__ https://ci1.netdef.org/browse/FRR-FRRPULLREQ-6327/artifact/TOPOU1604/MemoryLeaks/\n__Topology Tests memory analysis:__ https://ci1.netdef.org/browse/FRR-FRRPULLREQ-6327/artifact/TOPOI386/MemoryLeaks/\n-----------------------------\n## Warnings Generated during build:\n\n\n### Ubuntu 16.04 amd64 build: Successful with additional warnings:\n__Debian Package lintian failed for Ubuntu 16.04 amd64 build__:\n    (see full package build log at https://ci1.netdef.org/browse/FRR-FRRPULLREQ-6327/artifact/CI014BUILD/ErrorLog/log_lintian.txt)\n\n    W: frr: package-name-doesnt-match-sonames libfrr0 libfrrospfapiclient0\n    N: 3 tags overridden (3 warnings)\n\n\n### Ubuntu 18.04 amd64 build: Successful with additional warnings:\n__Debian Package lintian failed for Ubuntu 18.04 amd64 build__:\n    (see full package build log at https://ci1.netdef.org/browse/FRR-FRRPULLREQ-6327/artifact/U1804AMD64/ErrorLog/log_lintian.txt)\n\n    W: frr: package-name-doesnt-match-sonames libfrr0 libfrrospfapiclient0\n    N: 4 tags overridden (3 warnings, 1 info)\n\n\n### Ubuntu 16.04 i386 build: Successful with additional warnings:\n__Debian Package lintian failed for Ubuntu 16.04 i386 build__:\n    (see full package build log at https://ci1.netdef.org/browse/FRR-FRRPULLREQ-6327/artifact/U1604I386/ErrorLog/log_lintian.txt)\n\n    W: frr: package-name-doesnt-match-sonames libfrr0 libfrrospfapiclient0\n    N: 3 tags overridden (3 warnings)\n\n\n### Debian 8 amd64 build: Successful with additional warnings:\n__Debian Package lintian failed for Debian 8 amd64 build__:\n    (see full package build log at https://ci1.netdef.org/browse/FRR-FRRPULLREQ-6327/artifact/CI008BLD/ErrorLog/log_lintian.txt)\n\n    W: frr: package-name-doesnt-match-sonames libfrr0 libfrrospfapiclient0\n    N: 3 tags overridden (3 warnings)\n\n\n### Debian 9 amd64 build: Successful with additional warnings:\n__Debian Package lintian failed for Debian 9 amd64 build__:\n    (see full package build log at https://ci1.netdef.org/browse/FRR-FRRPULLREQ-6327/artifact/CI021BUILD/ErrorLog/log_lintian.txt)\n\n    W: frr: package-name-doesnt-match-sonames libfrr0 libfrrospfapiclient0\n    N: 3 tags overridden (3 warnings)\n\n\n### Ubuntu 14.04 amd64 build: Successful with additional warnings:\n__Debian Package lintian failed for Ubuntu 14.04 amd64 build__:\n    (see full package build log at https://ci1.netdef.org/browse/FRR-FRRPULLREQ-6327/artifact/CI001BUILD/ErrorLog/log_lintian.txt)\n\n    W: frr: package-name-doesnt-match-sonames libfrr0 libfrrospfapiclient0\n    N: 3 tags overridden (3 warnings)\n\n\n-----------------------------\n### CLANG Static Analyzer Summary\n- Github Pull Request 3575, comparing to Git base SHA e82d19a\n- Base image data for Git e82d19a does not exist - compare skipped\n",
      "## &#x1F49A; Basic BGPD CI results: SUCCESS, 0 tests failed\n\n<details>\n<summary>Results table</summary>\n\n_|_\n-|-\nResult               | SUCCESS git merge/3575 943d595a\nDate                 | 01/07/2019\nStart                | 13:03:03\nFinish               | 13:26:38\nRun-Time             | 23:35\nTotal                | 1813\nPass                 | 1813\nFail                 | 0\nValgrind-Errors      | 0\nValgrind-Loss        | 0\nDetails              | vncregress-2019-01-07-13:03:03.txt\nLog                  | autoscript-2019-01-07-13:05:24.log.bz2\n\nFor details, please contact louberger\n\n</details>",
      "# Continuous Integration Result: FAILED\n\nSee below for issues.\nCI System Testrun URL: https://ci1.netdef.org/browse/FRR-FRRPULLREQ-6327/\n\nThis is a comment from an EXPERIMENTAL automated CI system.\nFor questions and feedback in regards to this CI system, please feel free to email\nMartin Winter - mwinter (at) opensourcerouting.org.\n\n\n## Get source and apply patch from patchwork: Successful\n\n## Building Stage: Successful\n\n## Basic Tests: Failed\n__CentOS 7 rpm pkg check: Successful__\n__Ubuntu 12.04 deb pkg check: Successful__\n__IPv6 protocols on Ubuntu 14.04: Successful__\n__Ubuntu 16.04 deb pkg check: Successful__\n__CentOS 6 rpm pkg check: Successful__\n__Ubuntu 14.04 deb pkg check: Successful__\n__IPv4 ldp protocol on Ubuntu 16.04: Successful__\n__Addresssanitizer topotest: Successful__\n__Debian 8 deb pkg check: Successful__\n__Fedora 24 rpm pkg check: Successful__\n__IPv4 protocols on Ubuntu 14.04: Successful__\n__Debian 9 deb pkg check: Successful__\n__Static analyzer (clang): Successful__\n\n\n#### Topology tests on Ubuntu 18.04 amd64: Failed\nTopology Test Results are at https://ci1.netdef.org/browse/FRR-FRRPULLREQ-TOPOU1804-6327/test\n\n__Topology Tests failed for Topology tests on Ubuntu 18.04 amd64__:\n\n    *** defaultIntf: warning: r1 has no interfaces\n    2019-01-07 18:34:55,206 ERROR: ******************************************************************************\n    2019-01-07 18:34:55,206 ERROR: Test Target Summary                                                  Pass Fail\n    2019-01-07 18:34:55,206 ERROR: ******************************************************************************\n    2019-01-07 18:34:55,206 ERROR: FILE: scripts/add_routes.py\n    2019-01-07 18:34:55,206 ERROR: FILE: scripts/adjacencies.py\n    2019-01-07 18:34:55,206 ERROR: FILE: scripts/check_routes.py\n    2019-01-07 18:34:55,206 ERROR: FILE: scripts/check_close.py\n    2019-01-07 18:34:55,206 ERROR: 46   r3     Out of holddown +10.66 secs                              0    1\n    2019-01-07 18:34:55,207 ERROR: 47   r4     Out of holddown +10.56 secs                              0    1\n    2019-01-07 18:34:55,207 ERROR: See /tmp/topotests/bgp_rfapi_basic_sanity.test_bgp_rfapi_basic_sanity/output.log for details of errors\n    2019-01-07 18:34:55,209 ERROR: assert failed at \"bgp_rfapi_basic_sanity.test_bgp_rfapi_basic_sanity/test_check_close\": 2 tests failed\n    2019-01-07 18:36:40,083 ERROR: ******************************************************************************\n    2019-01-07 18:36:40,084 ERROR: Test Target Summary                                                  Pass Fail\n    2019-01-07 18:36:40,084 ERROR: ******************************************************************************\n    2019-01-07 18:36:40,084 ERROR: FILE: scripts/add_routes.py\n    2019-01-07 18:36:40,084 ERROR: FILE: scripts/adjacencies.py\n    2019-01-07 18:36:40,084 ERROR: FILE: scripts/check_routes.py\n    2019-01-07 18:36:40,085 ERROR: FILE: scripts/check_close.py\n    2019-01-07 18:36:40,085 ERROR: 46   r3     Out of holddown +10.59 secs                              0    1\n    2019-01-07 18:36:40,085 ERROR: 47   r4     Out of holddown +10.01 secs                              0    1\n    2019-01-07 18:36:40,085 ERROR: See /tmp/topotests/bgp_rfapi_basic_sanity_config2.test_bgp_rfapi_basic_sanity_config2/output.log for details of errors\n    2019-01-07 18:36:40,086 ERROR: assert failed at \"bgp_rfapi_basic_sanity_config2.test_bgp_rfapi_basic_sanity_config2/test_check_close\": 2 tests failed\n    *** defaultIntf: warning: lm has no interfaces\n\n   see full log at https://ci1.netdef.org/browse/FRR-FRRPULLREQ-6327/artifact/TOPOU1804/ErrorLog/log_topotests.txt\n\n#### Topology tests on Ubuntu 16.04 amd64: Failed\nTopology Test Results are at https://ci1.netdef.org/browse/FRR-FRRPULLREQ-TOPOU1604-6327/test\n\n__Topology Tests failed for Topology tests on Ubuntu 16.04 amd64__:\n\n    *** defaultIntf: warning: r1 has no interfaces\n    2019-01-07 10:35:16,685 ERROR: ******************************************************************************\n    2019-01-07 10:35:16,686 ERROR: Test Target Summary                                                  Pass Fail\n    2019-01-07 10:35:16,686 ERROR: ******************************************************************************\n    2019-01-07 10:35:16,686 ERROR: FILE: scripts/add_routes.py\n    2019-01-07 10:35:16,686 ERROR: FILE: scripts/adjacencies.py\n    2019-01-07 10:35:16,686 ERROR: FILE: scripts/check_routes.py\n    2019-01-07 10:35:16,686 ERROR: FILE: scripts/check_close.py\n    2019-01-07 10:35:16,686 ERROR: 46   r3     Out of holddown +10.27 secs                              0    1\n    2019-01-07 10:35:16,686 ERROR: 47   r4     Out of holddown +10.33 secs                              0    1\n    2019-01-07 10:35:16,687 ERROR: See /tmp/topotests/bgp_rfapi_basic_sanity.test_bgp_rfapi_basic_sanity/output.log for details of errors\n    2019-01-07 10:35:16,690 ERROR: assert failed at \"bgp_rfapi_basic_sanity.test_bgp_rfapi_basic_sanity/test_check_close\": 2 tests failed\n    2019-01-07 10:36:50,395 ERROR: ******************************************************************************\n    2019-01-07 10:36:50,396 ERROR: Test Target Summary                                                  Pass Fail\n    2019-01-07 10:36:50,396 ERROR: ******************************************************************************\n    2019-01-07 10:36:50,396 ERROR: FILE: scripts/add_routes.py\n    2019-01-07 10:36:50,396 ERROR: FILE: scripts/adjacencies.py\n    2019-01-07 10:36:50,397 ERROR: FILE: scripts/check_routes.py\n    2019-01-07 10:36:50,397 ERROR: FILE: scripts/check_close.py\n    2019-01-07 10:36:50,397 ERROR: 46   r3     Out of holddown +10.23 secs                              0    1\n    2019-01-07 10:36:50,397 ERROR: 47   r4     Out of holddown +10.25 secs                              0    1\n    2019-01-07 10:36:50,397 ERROR: See /tmp/topotests/bgp_rfapi_basic_sanity_config2.test_bgp_rfapi_basic_sanity_config2/output.log for details of errors\n    2019-01-07 10:36:50,400 ERROR: assert failed at \"bgp_rfapi_basic_sanity_config2.test_bgp_rfapi_basic_sanity_config2/test_check_close\": 2 tests failed\n    *** defaultIntf: warning: lm has no interfaces\n\n   see full log at https://ci1.netdef.org/browse/FRR-FRRPULLREQ-6327/artifact/TOPOU1604/ErrorLog/log_topotests.txt\n\n#### Topotest tests on Ubuntu 16.04 i386: Failed\nTopology Test Results are at https://ci1.netdef.org/browse/FRR-FRRPULLREQ-TOPOI386-6327/test\n\n__Topology Tests failed for Topotest tests on Ubuntu 16.04 i386__:\n\n    *** defaultIntf: warning: r1 has no interfaces\n    2019-01-07 10:35:07,943 ERROR: ******************************************************************************\n    2019-01-07 10:35:07,944 ERROR: Test Target Summary                                                  Pass Fail\n    2019-01-07 10:35:07,944 ERROR: ******************************************************************************\n    2019-01-07 10:35:07,944 ERROR: FILE: scripts/add_routes.py\n    2019-01-07 10:35:07,944 ERROR: FILE: scripts/adjacencies.py\n    2019-01-07 10:35:07,944 ERROR: FILE: scripts/check_routes.py\n    2019-01-07 10:35:07,944 ERROR: FILE: scripts/check_close.py\n    2019-01-07 10:35:07,944 ERROR: 46   r3     Out of holddown +10.11 secs                              0    1\n    2019-01-07 10:35:07,944 ERROR: 47   r4     Out of holddown +10.17 secs                              0    1\n    2019-01-07 10:35:07,945 ERROR: See /tmp/topotests/bgp_rfapi_basic_sanity.test_bgp_rfapi_basic_sanity/output.log for details of errors\n    2019-01-07 10:35:07,947 ERROR: assert failed at \"bgp_rfapi_basic_sanity.test_bgp_rfapi_basic_sanity/test_check_close\": 2 tests failed\n    2019-01-07 10:36:41,323 ERROR: ******************************************************************************\n    2019-01-07 10:36:41,324 ERROR: Test Target Summary                                                  Pass Fail\n    2019-01-07 10:36:41,324 ERROR: ******************************************************************************\n    2019-01-07 10:36:41,324 ERROR: FILE: scripts/add_routes.py\n    2019-01-07 10:36:41,324 ERROR: FILE: scripts/adjacencies.py\n    2019-01-07 10:36:41,324 ERROR: FILE: scripts/check_routes.py\n    2019-01-07 10:36:41,324 ERROR: FILE: scripts/check_close.py\n    2019-01-07 10:36:41,324 ERROR: 46   r3     Out of holddown +10.17 secs                              0    1\n    2019-01-07 10:36:41,324 ERROR: 47   r4     Out of holddown +10.16 secs                              0    1\n    2019-01-07 10:36:41,324 ERROR: See /tmp/topotests/bgp_rfapi_basic_sanity_config2.test_bgp_rfapi_basic_sanity_config2/output.log for details of errors\n    2019-01-07 10:36:41,326 ERROR: assert failed at \"bgp_rfapi_basic_sanity_config2.test_bgp_rfapi_basic_sanity_config2/test_check_close\": 2 tests failed\n    RTNETLINK answers: Invalid argument\n    RTNETLINK answers: Invalid argument\n    RTNETLINK answers: Invalid argument\n    RTNETLINK answers: Invalid argument\n    RTNETLINK answers: Invalid argument\n    RTNETLINK answers: Invalid argument\n    *** defaultIntf: warning: lm has no interfaces\n    RTNETLINK answers: Invalid argument\n    RTNETLINK answers: Invalid argument\n    RTNETLINK answers: Invalid argument\n    RTNETLINK answers: Invalid argument\n\n   see full log at https://ci1.netdef.org/browse/FRR-FRRPULLREQ-6327/artifact/TOPOI386/ErrorLog/log_topotests.txt\n\n__Topology Tests memory analysis:__ https://ci1.netdef.org/browse/FRR-FRRPULLREQ-6327/artifact/TOPOU1804/MemoryLeaks/\n__Topology Tests memory analysis:__ https://ci1.netdef.org/browse/FRR-FRRPULLREQ-6327/artifact/TOPOU1604/MemoryLeaks/\n__Topology Tests memory analysis:__ https://ci1.netdef.org/browse/FRR-FRRPULLREQ-6327/artifact/TOPOI386/MemoryLeaks/\n-----------------------------\n## Warnings Generated during build:\n\n\n### Ubuntu 16.04 amd64 build: Successful with additional warnings:\n__Debian Package lintian failed for Ubuntu 16.04 amd64 build__:\n    (see full package build log at https://ci1.netdef.org/browse/FRR-FRRPULLREQ-6327/artifact/CI014BUILD/ErrorLog/log_lintian.txt)\n\n    W: frr: package-name-doesnt-match-sonames libfrr0 libfrrospfapiclient0\n    N: 3 tags overridden (3 warnings)\n\n\n### Ubuntu 18.04 amd64 build: Successful with additional warnings:\n__Debian Package lintian failed for Ubuntu 18.04 amd64 build__:\n    (see full package build log at https://ci1.netdef.org/browse/FRR-FRRPULLREQ-6327/artifact/U1804AMD64/ErrorLog/log_lintian.txt)\n\n    W: frr: package-name-doesnt-match-sonames libfrr0 libfrrospfapiclient0\n    N: 4 tags overridden (3 warnings, 1 info)\n\n\n### Ubuntu 16.04 i386 build: Successful with additional warnings:\n__Debian Package lintian failed for Ubuntu 16.04 i386 build__:\n    (see full package build log at https://ci1.netdef.org/browse/FRR-FRRPULLREQ-6327/artifact/U1604I386/ErrorLog/log_lintian.txt)\n\n    W: frr: package-name-doesnt-match-sonames libfrr0 libfrrospfapiclient0\n    N: 3 tags overridden (3 warnings)\n\n\n### Debian 8 amd64 build: Successful with additional warnings:\n__Debian Package lintian failed for Debian 8 amd64 build__:\n    (see full package build log at https://ci1.netdef.org/browse/FRR-FRRPULLREQ-6327/artifact/CI008BLD/ErrorLog/log_lintian.txt)\n\n    W: frr: package-name-doesnt-match-sonames libfrr0 libfrrospfapiclient0\n    N: 3 tags overridden (3 warnings)\n\n\n### Debian 9 amd64 build: Successful with additional warnings:\n__Debian Package lintian failed for Debian 9 amd64 build__:\n    (see full package build log at https://ci1.netdef.org/browse/FRR-FRRPULLREQ-6327/artifact/CI021BUILD/ErrorLog/log_lintian.txt)\n\n    W: frr: package-name-doesnt-match-sonames libfrr0 libfrrospfapiclient0\n    N: 3 tags overridden (3 warnings)\n\n\n### Ubuntu 14.04 amd64 build: Successful with additional warnings:\n__Debian Package lintian failed for Ubuntu 14.04 amd64 build__:\n    (see full package build log at https://ci1.netdef.org/browse/FRR-FRRPULLREQ-6327/artifact/CI001BUILD/ErrorLog/log_lintian.txt)\n\n    W: frr: package-name-doesnt-match-sonames libfrr0 libfrrospfapiclient0\n    N: 3 tags overridden (3 warnings)\n\n\n-----------------------------\n### CLANG Static Analyzer Summary\n- Github Pull Request 3575, comparing to Git base SHA e82d19a\n- Base image data for Git e82d19a does not exist - compare skipped\n",
      "## &#x1F49A; Basic BGPD CI results: SUCCESS, 0 tests failed\n\n<details>\n<summary>Results table</summary>\n\n_|_\n-|-\nResult               | SUCCESS git merge/3575 ef9aee14\nDate                 | 01/07/2019\nStart                | 15:30:36\nFinish               | 15:54:16\nRun-Time             | 23:40\nTotal                | 1813\nPass                 | 1813\nFail                 | 0\nValgrind-Errors      | 0\nValgrind-Loss        | 0\nDetails              | vncregress-2019-01-07-15:30:36.txt\nLog                  | autoscript-2019-01-07-15:31:20.log.bz2\n\nFor details, please contact louberger\n\n</details>",
      "# Continuous Integration Result: FAILED\n\nSee below for issues.\nCI System Testrun URL: https://ci1.netdef.org/browse/FRR-FRRPULLREQ-6334/\n\nThis is a comment from an EXPERIMENTAL automated CI system.\nFor questions and feedback in regards to this CI system, please feel free to email\nMartin Winter - mwinter (at) opensourcerouting.org.\n\n\n## Get source and apply patch from patchwork: Successful\n\n## Building Stage: Successful\n\n## Basic Tests: Failed\n__CentOS 6 rpm pkg check: Successful__\n__Static analyzer (clang): Successful__\n__IPv6 protocols on Ubuntu 14.04: Successful__\n__Ubuntu 16.04 deb pkg check: Successful__\n__Ubuntu 12.04 deb pkg check: Successful__\n__Fedora 24 rpm pkg check: Successful__\n__CentOS 7 rpm pkg check: Successful__\n__Addresssanitizer topotest: Successful__\n__Debian 8 deb pkg check: Successful__\n__IPv4 protocols on Ubuntu 14.04: Successful__\n__IPv4 ldp protocol on Ubuntu 16.04: Successful__\n__Debian 9 deb pkg check: Successful__\n__Ubuntu 14.04 deb pkg check: Successful__\n\n\n#### Topology tests on Ubuntu 18.04 amd64: Failed\nTopology Test Results are at https://ci1.netdef.org/browse/FRR-FRRPULLREQ-TOPOU1804-6334/test\n\n__Topology Tests failed for Topology tests on Ubuntu 18.04 amd64__:\n\n    *** defaultIntf: warning: r1 has no interfaces\n    2019-01-07 20:36:04,752 ERROR: ******************************************************************************\n    2019-01-07 20:36:04,753 ERROR: Test Target Summary                                                  Pass Fail\n    2019-01-07 20:36:04,753 ERROR: ******************************************************************************\n    2019-01-07 20:36:04,753 ERROR: FILE: scripts/add_routes.py\n    2019-01-07 20:36:04,753 ERROR: FILE: scripts/adjacencies.py\n    2019-01-07 20:36:04,753 ERROR: FILE: scripts/check_routes.py\n    2019-01-07 20:36:04,753 ERROR: FILE: scripts/check_close.py\n    2019-01-07 20:36:04,753 ERROR: 46   r3     Out of holddown +10.03 secs                              0    1\n    2019-01-07 20:36:04,753 ERROR: 47   r4     Out of holddown +10.08 secs                              0    1\n    2019-01-07 20:36:04,753 ERROR: See /tmp/topotests/bgp_rfapi_basic_sanity_config2.test_bgp_rfapi_basic_sanity_config2/output.log for details of errors\n    2019-01-07 20:36:04,755 ERROR: assert failed at \"bgp_rfapi_basic_sanity_config2.test_bgp_rfapi_basic_sanity_config2/test_check_close\": 2 tests failed\n    *** defaultIntf: warning: lm has no interfaces\n\n   see full log at https://ci1.netdef.org/browse/FRR-FRRPULLREQ-6334/artifact/TOPOU1804/ErrorLog/log_topotests.txt\n\n#### Topotest tests on Ubuntu 16.04 i386: Failed\nTopology Test Results are at https://ci1.netdef.org/browse/FRR-FRRPULLREQ-TOPOI386-6334/test\n\n__Topology Tests failed for Topotest tests on Ubuntu 16.04 i386__:\n\n    *** defaultIntf: warning: r1 has no interfaces\n    2019-01-07 12:36:09,814 ERROR: ******************************************************************************\n    2019-01-07 12:36:09,815 ERROR: Test Target Summary                                                  Pass Fail\n    2019-01-07 12:36:09,815 ERROR: ******************************************************************************\n    2019-01-07 12:36:09,815 ERROR: FILE: scripts/add_routes.py\n    2019-01-07 12:36:09,815 ERROR: FILE: scripts/adjacencies.py\n    2019-01-07 12:36:09,815 ERROR: FILE: scripts/check_routes.py\n    2019-01-07 12:36:09,815 ERROR: FILE: scripts/check_close.py\n    2019-01-07 12:36:09,815 ERROR: 46   r3     Out of holddown +10.24 secs                              0    1\n    2019-01-07 12:36:09,815 ERROR: 47   r4     Out of holddown +10.15 secs                              0    1\n    2019-01-07 12:36:09,815 ERROR: See /tmp/topotests/bgp_rfapi_basic_sanity_config2.test_bgp_rfapi_basic_sanity_config2/output.log for details of errors\n    2019-01-07 12:36:09,817 ERROR: assert failed at \"bgp_rfapi_basic_sanity_config2.test_bgp_rfapi_basic_sanity_config2/test_check_close\": 2 tests failed\n    RTNETLINK answers: Invalid argument\n    RTNETLINK answers: Invalid argument\n    RTNETLINK answers: Invalid argument\n    RTNETLINK answers: Invalid argument\n    RTNETLINK answers: Invalid argument\n    RTNETLINK answers: Invalid argument\n    *** defaultIntf: warning: lm has no interfaces\n    RTNETLINK answers: Invalid argument\n    RTNETLINK answers: Invalid argument\n    RTNETLINK answers: Invalid argument\n    RTNETLINK answers: Invalid argument\n\n   see full log at https://ci1.netdef.org/browse/FRR-FRRPULLREQ-6334/artifact/TOPOI386/ErrorLog/log_topotests.txt\n\n#### Topology tests on Ubuntu 16.04 amd64: Failed\nTopology Test Results are at https://ci1.netdef.org/browse/FRR-FRRPULLREQ-TOPOU1604-6334/test\n\n__Topology Tests failed for Topology tests on Ubuntu 16.04 amd64__:\n\n    *** defaultIntf: warning: r1 has no interfaces\n    2019-01-07 12:36:23,631 ERROR: ******************************************************************************\n    2019-01-07 12:36:23,632 ERROR: Test Target Summary                                                  Pass Fail\n    2019-01-07 12:36:23,632 ERROR: ******************************************************************************\n    2019-01-07 12:36:23,632 ERROR: FILE: scripts/add_routes.py\n    2019-01-07 12:36:23,632 ERROR: FILE: scripts/adjacencies.py\n    2019-01-07 12:36:23,632 ERROR: FILE: scripts/check_routes.py\n    2019-01-07 12:36:23,632 ERROR: FILE: scripts/check_close.py\n    2019-01-07 12:36:23,632 ERROR: 46   r3     Out of holddown +10.12 secs                              0    1\n    2019-01-07 12:36:23,632 ERROR: 47   r4     Out of holddown +10.09 secs                              0    1\n    2019-01-07 12:36:23,632 ERROR: See /tmp/topotests/bgp_rfapi_basic_sanity_config2.test_bgp_rfapi_basic_sanity_config2/output.log for details of errors\n    2019-01-07 12:36:23,635 ERROR: assert failed at \"bgp_rfapi_basic_sanity_config2.test_bgp_rfapi_basic_sanity_config2/test_check_close\": 2 tests failed\n    *** defaultIntf: warning: lm has no interfaces\n\n   see full log at https://ci1.netdef.org/browse/FRR-FRRPULLREQ-6334/artifact/TOPOU1604/ErrorLog/log_topotests.txt\n\n__Topology Tests memory analysis:__ https://ci1.netdef.org/browse/FRR-FRRPULLREQ-6334/artifact/TOPOU1804/MemoryLeaks/\n__Topology Tests memory analysis:__ https://ci1.netdef.org/browse/FRR-FRRPULLREQ-6334/artifact/TOPOI386/MemoryLeaks/\n__Topology Tests memory analysis:__ https://ci1.netdef.org/browse/FRR-FRRPULLREQ-6334/artifact/TOPOU1604/MemoryLeaks/\n-----------------------------\n## Warnings Generated during build:\n\n\n### Debian 8 amd64 build: Successful with additional warnings:\n__Debian Package lintian failed for Debian 8 amd64 build__:\n    (see full package build log at https://ci1.netdef.org/browse/FRR-FRRPULLREQ-6334/artifact/CI008BLD/ErrorLog/log_lintian.txt)\n\n    W: frr: package-name-doesnt-match-sonames libfrr0 libfrrospfapiclient0\n    N: 3 tags overridden (3 warnings)\n\n\n### Ubuntu 16.04 amd64 build: Successful with additional warnings:\n__Debian Package lintian failed for Ubuntu 16.04 amd64 build__:\n    (see full package build log at https://ci1.netdef.org/browse/FRR-FRRPULLREQ-6334/artifact/CI014BUILD/ErrorLog/log_lintian.txt)\n\n    W: frr: package-name-doesnt-match-sonames libfrr0 libfrrospfapiclient0\n    N: 3 tags overridden (3 warnings)\n\n\n### Ubuntu 18.04 amd64 build: Successful with additional warnings:\n__Debian Package lintian failed for Ubuntu 18.04 amd64 build__:\n    (see full package build log at https://ci1.netdef.org/browse/FRR-FRRPULLREQ-6334/artifact/U1804AMD64/ErrorLog/log_lintian.txt)\n\n    W: frr: package-name-doesnt-match-sonames libfrr0 libfrrospfapiclient0\n    N: 4 tags overridden (3 warnings, 1 info)\n\n\n### Debian 9 amd64 build: Successful with additional warnings:\n__Debian Package lintian failed for Debian 9 amd64 build__:\n    (see full package build log at https://ci1.netdef.org/browse/FRR-FRRPULLREQ-6334/artifact/CI021BUILD/ErrorLog/log_lintian.txt)\n\n    W: frr: package-name-doesnt-match-sonames libfrr0 libfrrospfapiclient0\n    N: 3 tags overridden (3 warnings)\n\n\n### Ubuntu 14.04 amd64 build: Successful with additional warnings:\n__Debian Package lintian failed for Ubuntu 14.04 amd64 build__:\n    (see full package build log at https://ci1.netdef.org/browse/FRR-FRRPULLREQ-6334/artifact/CI001BUILD/ErrorLog/log_lintian.txt)\n\n    W: frr: package-name-doesnt-match-sonames libfrr0 libfrrospfapiclient0\n    N: 3 tags overridden (3 warnings)\n\n\n### Ubuntu 16.04 i386 build: Successful with additional warnings:\n__Debian Package lintian failed for Ubuntu 16.04 i386 build__:\n    (see full package build log at https://ci1.netdef.org/browse/FRR-FRRPULLREQ-6334/artifact/U1604I386/ErrorLog/log_lintian.txt)\n\n    W: frr: package-name-doesnt-match-sonames libfrr0 libfrrospfapiclient0\n    N: 3 tags overridden (3 warnings)\n\n\n-----------------------------\n### CLANG Static Analyzer Summary\n- Github Pull Request 3575, comparing to Git base SHA e82d19a\n#### No Changes in Static Analysis warnings compared to base\n",
      "## &#x1F49A; Basic BGPD CI results: SUCCESS, 0 tests failed\n\n<details>\n<summary>Results table</summary>\n\n_|_\n-|-\nResult               | SUCCESS git merge/3575 e3d16a4f\nDate                 | 01/07/2019\nStart                | 17:20:36\nFinish               | 17:44:32\nRun-Time             | 23:56\nTotal                | 1813\nPass                 | 1813\nFail                 | 0\nValgrind-Errors      | 0\nValgrind-Loss        | 0\nDetails              | vncregress-2019-01-07-17:20:36.txt\nLog                  | autoscript-2019-01-07-17:21:28.log.bz2\n\nFor details, please contact louberger\n\n</details>",
      "# Continuous Integration Result: SUCCESSFUL\n\nCongratulations, this patch passed basic tests\n\nTested-by: NetDEF / OpenSourceRouting.org CI System\n\nCI System Testrun URL: https://ci1.netdef.org/browse/FRR-FRRPULLREQ-6337/\n\nThis is a comment from an EXPERIMENTAL automated CI system.\nFor questions and feedback in regards to this CI system, please feel free to email\nMartin Winter - mwinter (at) opensourcerouting.org.\n\n\n-----------------------------\n## Warnings Generated during build:\n\n\n### Ubuntu 14.04 amd64 build: Successful with additional warnings:\n__Debian Package lintian failed for Ubuntu 14.04 amd64 build__:\n    (see full package build log at https://ci1.netdef.org/browse/FRR-FRRPULLREQ-6337/artifact/CI001BUILD/ErrorLog/log_lintian.txt)\n\n    W: frr: package-name-doesnt-match-sonames libfrr0 libfrrospfapiclient0\n    N: 3 tags overridden (3 warnings)\n\n\n### Debian 8 amd64 build: Successful with additional warnings:\n__Debian Package lintian failed for Debian 8 amd64 build__:\n    (see full package build log at https://ci1.netdef.org/browse/FRR-FRRPULLREQ-6337/artifact/CI008BLD/ErrorLog/log_lintian.txt)\n\n    W: frr: package-name-doesnt-match-sonames libfrr0 libfrrospfapiclient0\n    N: 3 tags overridden (3 warnings)\n\n\n### Debian 9 amd64 build: Successful with additional warnings:\n__Debian Package lintian failed for Debian 9 amd64 build__:\n    (see full package build log at https://ci1.netdef.org/browse/FRR-FRRPULLREQ-6337/artifact/CI021BUILD/ErrorLog/log_lintian.txt)\n\n    W: frr: package-name-doesnt-match-sonames libfrr0 libfrrospfapiclient0\n    N: 3 tags overridden (3 warnings)\n\n\n### Ubuntu 16.04 amd64 build: Successful with additional warnings:\n__Debian Package lintian failed for Ubuntu 16.04 amd64 build__:\n    (see full package build log at https://ci1.netdef.org/browse/FRR-FRRPULLREQ-6337/artifact/CI014BUILD/ErrorLog/log_lintian.txt)\n\n    W: frr: package-name-doesnt-match-sonames libfrr0 libfrrospfapiclient0\n    N: 3 tags overridden (3 warnings)\n\n\n### Ubuntu 18.04 amd64 build: Successful with additional warnings:\n__Debian Package lintian failed for Ubuntu 18.04 amd64 build__:\n    (see full package build log at https://ci1.netdef.org/browse/FRR-FRRPULLREQ-6337/artifact/U1804AMD64/ErrorLog/log_lintian.txt)\n\n    W: frr: package-name-doesnt-match-sonames libfrr0 libfrrospfapiclient0\n    N: 4 tags overridden (3 warnings, 1 info)\n\n\n### Ubuntu 16.04 i386 build: Successful with additional warnings:\n__Debian Package lintian failed for Ubuntu 16.04 i386 build__:\n    (see full package build log at https://ci1.netdef.org/browse/FRR-FRRPULLREQ-6337/artifact/U1604I386/ErrorLog/log_lintian.txt)\n\n    W: frr: package-name-doesnt-match-sonames libfrr0 libfrrospfapiclient0\n    N: 3 tags overridden (3 warnings)\n\n\n-----------------------------\n### CLANG Static Analyzer Summary\n- Github Pull Request 3575, comparing to Git base SHA e82d19a\n#### No Changes in Static Analysis warnings compared to base\n"
    ]
  },
  "Bug Filter": "Defect Remediation & Feature Upgrades",
  "Bug Filter Confidence": 0.8,
  "Bug Filter Response": "\n\n**Final Output:**\n\nAnalysis: The patch modifies a conditional check to ensure the BGP_ATTR_VNC attribute is only used when a specific macro is defined. This prevents unintended usage of the attribute, addressing a functional bug rather than a security vulnerability.\n\nFinal Classification: Defect Remediation & Feature Upgrades\n\nConfidence Score: 0.8"
}